<?xml version="1.0" encoding="UTF-8"?>
<!-- Generated by org.testng.reporters.JUnitReportReporter -->
<testsuite hostname="DESKTOP-FVLP2TF" failures="0" tests="1" name="Docker.DockerwithEdge" time="11.281" errors="0" timestamp="2025-07-07T13:26:05 IST" skipped="0">
  <testcase classname="Docker.DockerwithEdge" name="runEdge" time="11.281"/>
</testsuite> <!-- Docker.DockerwithEdge -->
