<?xml version="1.0" encoding="UTF-8"?>
<!-- Generated by org.testng.reporters.JUnitReportReporter -->
<testsuite hostname="DESKTOP-FVLP2TF" failures="0" tests="1" name="Docker.DockerwithChrome" time="11.702" errors="0" timestamp="2025-07-07T13:26:05 IST" skipped="0">
  <testcase classname="Docker.DockerwithChrome" name="runchrome" time="11.702"/>
</testsuite> <!-- Docker.DockerwithChrome -->
